23:33:17.456 [main] INFO  testCases.TC_001_AccountRegistrationTest - ******Starting tc_001_AccountRegistrationTest*******
23:33:20.535 [main] INFO  testCases.TC_001_AccountRegistrationTest - Clicking on My Account link......
23:33:20.978 [main] INFO  testCases.TC_001_AccountRegistrationTest - Clicking on My Register link......
23:33:28.083 [main] INFO  testCases.TC_001_AccountRegistrationTest - Enter Customer details......
23:33:33.729 [main] ERROR testCases.TC_001_AccountRegistrationTest - Registration failed......
23:34:55.001 [main] INFO  testCases.TC_001_AccountRegistrationTest - ******Starting tc_001_AccountRegistrationTest*******
23:34:58.066 [main] INFO  testCases.TC_001_AccountRegistrationTest - Clicking on My Account link......
23:34:58.167 [main] INFO  testCases.TC_001_AccountRegistrationTest - Clicking on My Register link......
23:35:05.345 [main] INFO  testCases.TC_001_AccountRegistrationTest - Enter Customer details......
23:35:10.794 [main] ERROR testCases.TC_001_AccountRegistrationTest - Registration failed......
23:55:12.369 [main] INFO  testCases.TC_001_AccountRegistrationTest - ******Starting tc_001_AccountRegistrationTest*******
23:55:15.423 [main] INFO  testCases.TC_001_AccountRegistrationTest - Clicking on My Account link......
23:55:15.539 [main] INFO  testCases.TC_001_AccountRegistrationTest - Clicking on My Register link......
23:55:22.921 [main] INFO  testCases.TC_001_AccountRegistrationTest - Enter Customer details......
23:55:28.819 [main] ERROR testCases.TC_001_AccountRegistrationTest - Registration failed......
23:58:00.348 [main] INFO  testCases.TC_001_AccountRegistrationTest - ******Starting tc_001_AccountRegistrationTest*******
23:58:03.413 [main] INFO  testCases.TC_001_AccountRegistrationTest - Clicking on My Account link......
23:58:03.524 [main] INFO  testCases.TC_001_AccountRegistrationTest - Clicking on My Register link......
23:58:10.598 [main] INFO  testCases.TC_001_AccountRegistrationTest - Enter Customer details......
23:58:16.136 [main] ERROR testCases.TC_001_AccountRegistrationTest - Registration failed......
23:58:23.565 [main] INFO  testCases.tc_002_LoginTest - Starting tc_002_LoginTest....
23:58:25.275 [main] INFO  testCases.tc_002_LoginTest - Finishing tc_002_LoginTest....
00:02:02.125 [main] INFO  testCases.tc_003_DataDriven_LoginTest2 - Starting tc_002_LoginTest....
00:02:04.901 [main] INFO  testCases.tc_003_DataDriven_LoginTest2 - Finishing tc_002_LoginTest....
00:02:04.951 [main] INFO  testCases.tc_003_DataDriven_LoginTest2 - Starting tc_002_LoginTest....
00:02:16.348 [main] INFO  testCases.tc_003_DataDriven_LoginTest2 - Finishing tc_002_LoginTest....
00:02:16.371 [main] INFO  testCases.tc_003_DataDriven_LoginTest2 - Starting tc_002_LoginTest....
00:02:27.814 [main] INFO  testCases.tc_003_DataDriven_LoginTest2 - Finishing tc_002_LoginTest....
00:02:27.826 [main] INFO  testCases.tc_003_DataDriven_LoginTest2 - Starting tc_002_LoginTest....
00:02:39.343 [main] INFO  testCases.tc_003_DataDriven_LoginTest2 - Finishing tc_002_LoginTest....
00:02:39.358 [main] INFO  testCases.tc_003_DataDriven_LoginTest2 - Starting tc_002_LoginTest....
00:02:41.922 [main] INFO  testCases.tc_003_DataDriven_LoginTest2 - Finishing tc_002_LoginTest....
20:55:26.247 [main] INFO  testCases.TC_001_AccountRegistrationTest - ******Starting tc_001_AccountRegistrationTest*******
20:55:29.365 [main] INFO  testCases.TC_001_AccountRegistrationTest - Clicking on My Account link......
20:55:29.624 [main] INFO  testCases.TC_001_AccountRegistrationTest - Clicking on My Register link......
20:55:36.856 [main] INFO  testCases.TC_001_AccountRegistrationTest - Enter Customer details......
20:55:46.431 [main] ERROR testCases.TC_001_AccountRegistrationTest - Registration failed......
20:55:54.022 [main] INFO  testCases.tc_002_LoginTest - Starting tc_002_LoginTest....
20:55:55.899 [main] INFO  testCases.tc_002_LoginTest - Finishing tc_002_LoginTest....
22:40:46.479 [main] INFO  testCases.TC_001_AccountRegistrationTest - ******Starting tc_001_AccountRegistrationTest*******
22:40:49.583 [main] INFO  testCases.TC_001_AccountRegistrationTest - Clicking on My Account link......
22:40:49.711 [main] INFO  testCases.TC_001_AccountRegistrationTest - Clicking on My Register link......
22:40:56.912 [main] INFO  testCases.TC_001_AccountRegistrationTest - Enter Customer details......
22:41:02.590 [main] ERROR testCases.TC_001_AccountRegistrationTest - Registration failed......
22:41:11.327 [main] INFO  testCases.tc_002_LoginTest - Starting tc_002_LoginTest....
22:53:03.786 [main] INFO  testCases.TC_001_AccountRegistrationTest - ******Starting tc_001_AccountRegistrationTest*******
22:53:06.840 [main] INFO  testCases.TC_001_AccountRegistrationTest - Clicking on My Account link......
22:53:06.945 [main] INFO  testCases.TC_001_AccountRegistrationTest - Clicking on My Register link......
22:53:14.439 [main] INFO  testCases.TC_001_AccountRegistrationTest - Enter Customer details......
