22:53:20.801 [main] INFO  testCases.TC_001_AccountRegistrationTest - Registration Successful......
22:53:20.822 [main] INFO  testCases.TC_001_AccountRegistrationTest - ******Ending tc_001_AccountRegistrationTest*******
22:53:29.072 [main] INFO  testCases.tc_002_LoginTest - Starting tc_002_LoginTest....
22:54:27.051 [main] INFO  testCases.TC_001_AccountRegistrationTest - ******Starting tc_001_AccountRegistrationTest*******
22:54:30.166 [main] INFO  testCases.TC_001_AccountRegistrationTest - Clicking on My Account link......
22:54:30.278 [main] INFO  testCases.TC_001_AccountRegistrationTest - Clicking on My Register link......
22:54:37.460 [main] INFO  testCases.TC_001_AccountRegistrationTest - Enter Customer details......
22:54:43.813 [main] ERROR testCases.TC_001_AccountRegistrationTest - Registration failed......
22:54:51.959 [main] INFO  testCases.tc_002_LoginTest - Starting tc_002_LoginTest....
22:54:53.911 [main] INFO  testCases.tc_002_LoginTest - Finishing tc_002_LoginTest....
22:55:35.716 [main] INFO  testCases.TC_001_AccountRegistrationTest - ******Starting tc_001_AccountRegistrationTest*******
22:55:38.774 [main] INFO  testCases.TC_001_AccountRegistrationTest - Clicking on My Account link......
22:55:38.912 [main] INFO  testCases.TC_001_AccountRegistrationTest - Clicking on My Register link......
22:55:46.257 [main] INFO  testCases.TC_001_AccountRegistrationTest - Enter Customer details......
22:55:51.521 [main] INFO  testCases.TC_001_AccountRegistrationTest - Registration Successful......
22:55:51.524 [main] INFO  testCases.TC_001_AccountRegistrationTest - ******Ending tc_001_AccountRegistrationTest*******
23:24:04.400 [main] INFO  testCases.TC_001_AccountRegistrationTest - ******Starting tc_001_AccountRegistrationTest*******
23:24:07.439 [main] INFO  testCases.TC_001_AccountRegistrationTest - Clicking on My Account link......
23:24:07.561 [main] INFO  testCases.TC_001_AccountRegistrationTest - Clicking on My Register link......
23:24:14.618 [main] INFO  testCases.TC_001_AccountRegistrationTest - Enter Customer details......
23:24:19.789 [main] INFO  testCases.TC_001_AccountRegistrationTest - Registration Successful......
23:24:19.792 [main] INFO  testCases.TC_001_AccountRegistrationTest - ******Ending tc_001_AccountRegistrationTest*******
23:24:28.038 [main] INFO  testCases.tc_002_LoginTest - Starting tc_002_LoginTest....
23:24:29.953 [main] INFO  testCases.tc_002_LoginTest - Finishing tc_002_LoginTest....
21:20:05.575 [main] INFO  testCases.TC_001_AccountRegistrationTest - ******Starting tc_001_AccountRegistrationTest*******
21:20:08.707 [main] INFO  testCases.TC_001_AccountRegistrationTest - Clicking on My Account link......
21:20:08.839 [main] INFO  testCases.TC_001_AccountRegistrationTest - Clicking on My Register link......
21:20:16.230 [main] INFO  testCases.TC_001_AccountRegistrationTest - Enter Customer details......
21:20:22.275 [main] INFO  testCases.TC_001_AccountRegistrationTest - Registration Successful......
21:20:22.278 [main] INFO  testCases.TC_001_AccountRegistrationTest - ******Ending tc_001_AccountRegistrationTest*******
21:20:32.036 [main] INFO  testCases.tc_002_LoginTest - Starting tc_002_LoginTest....
21:20:34.159 [main] INFO  testCases.tc_002_LoginTest - Finishing tc_002_LoginTest....
21:47:21.619 [main] INFO  testCases.TC_001_AccountRegistrationTest - ******Starting tc_001_AccountRegistrationTest*******
21:47:24.670 [main] INFO  testCases.TC_001_AccountRegistrationTest - Clicking on My Account link......
21:47:24.799 [main] INFO  testCases.TC_001_AccountRegistrationTest - Clicking on My Register link......
21:47:32.043 [main] INFO  testCases.TC_001_AccountRegistrationTest - Enter Customer details......
21:47:37.850 [main] INFO  testCases.TC_001_AccountRegistrationTest - Registration Successful......
21:47:37.853 [main] INFO  testCases.TC_001_AccountRegistrationTest - ******Ending tc_001_AccountRegistrationTest*******
21:47:46.796 [main] INFO  testCases.tc_002_LoginTest - Starting tc_002_LoginTest....
21:47:48.765 [main] INFO  testCases.tc_002_LoginTest - Finishing tc_002_LoginTest....
21:49:21.886 [main] INFO  testCases.TC_001_AccountRegistrationTest - ******Starting tc_001_AccountRegistrationTest*******
21:49:24.922 [main] INFO  testCases.TC_001_AccountRegistrationTest - Clicking on My Account link......
21:49:25.055 [main] INFO  testCases.TC_001_AccountRegistrationTest - Clicking on My Register link......
21:49:32.391 [main] INFO  testCases.TC_001_AccountRegistrationTest - Enter Customer details......
21:49:37.763 [main] INFO  testCases.TC_001_AccountRegistrationTest - Registration Successful......
21:49:37.767 [main] INFO  testCases.TC_001_AccountRegistrationTest - ******Ending tc_001_AccountRegistrationTest*******
21:49:47.002 [main] INFO  testCases.tc_002_LoginTest - Starting tc_002_LoginTest....
21:49:49.029 [main] INFO  testCases.tc_002_LoginTest - Finishing tc_002_LoginTest....
21:50:28.460 [main] INFO  testCases.TC_001_AccountRegistrationTest - ******Starting tc_001_AccountRegistrationTest*******
