18:45:35.856 [TestNG-tests-1] INFO  testCases.TC_001_AccountRegistrationTest - ******Starting tc_001_AccountRegistrationTest*******
18:45:37.783 [TestNG-tests-2] INFO  testCases.TC_001_AccountRegistrationTest - ******Starting tc_001_AccountRegistrationTest*******
18:45:38.948 [TestNG-tests-1] INFO  testCases.TC_001_AccountRegistrationTest - Clicking on My Account link......
18:45:40.794 [TestNG-tests-2] INFO  testCases.TC_001_AccountRegistrationTest - Clicking on My Account link......
18:45:42.122 [TestNG-tests-1] INFO  testCases.TC_001_AccountRegistrationTest - Clicking on My Register link......
18:45:43.956 [TestNG-tests-2] INFO  testCases.TC_001_AccountRegistrationTest - Clicking on My Register link......
18:45:49.732 [TestNG-tests-1] INFO  testCases.TC_001_AccountRegistrationTest - Enter Customer details......
18:45:52.052 [TestNG-tests-2] INFO  testCases.TC_001_AccountRegistrationTest - Enter Customer details......
18:45:55.310 [TestNG-tests-1] INFO  testCases.TC_001_AccountRegistrationTest - Registration Successful......
18:45:55.314 [TestNG-tests-1] INFO  testCases.TC_001_AccountRegistrationTest - ******Ending tc_001_AccountRegistrationTest*******
18:45:58.171 [TestNG-tests-2] INFO  testCases.TC_001_AccountRegistrationTest - Registration Successful......
18:45:58.171 [TestNG-tests-2] INFO  testCases.TC_001_AccountRegistrationTest - ******Ending tc_001_AccountRegistrationTest*******
21:31:13.627 [main] INFO  testCases.TC_001_AccountRegistrationTest - ******Starting tc_001_AccountRegistrationTest*******
21:31:16.714 [main] INFO  testCases.TC_001_AccountRegistrationTest - Clicking on My Account link......
21:31:19.931 [main] INFO  testCases.TC_001_AccountRegistrationTest - Clicking on My Register link......
21:31:27.446 [main] INFO  testCases.TC_001_AccountRegistrationTest - Enter Customer details......
21:31:33.338 [main] INFO  testCases.TC_001_AccountRegistrationTest - Registration Successful......
21:31:33.341 [main] INFO  testCases.TC_001_AccountRegistrationTest - ******Ending tc_001_AccountRegistrationTest*******
00:06:55.317 [main] INFO  testCases.TC_001_AccountRegistrationTest - ******Starting tc_001_AccountRegistrationTest*******
00:06:58.390 [main] INFO  testCases.TC_001_AccountRegistrationTest - Clicking on My Account link......
00:07:01.543 [main] INFO  testCases.TC_001_AccountRegistrationTest - Clicking on My Register link......
00:07:08.710 [main] INFO  testCases.TC_001_AccountRegistrationTest - Enter Customer details......
00:07:15.352 [main] INFO  testCases.TC_001_AccountRegistrationTest - Registration Successful......
00:07:15.357 [main] INFO  testCases.TC_001_AccountRegistrationTest - ******Ending tc_001_AccountRegistrationTest*******
19:22:36.312 [main] INFO  testCases.TC_001_AccountRegistrationTest - ******Starting tc_001_AccountRegistrationTest*******
19:22:39.495 [main] INFO  testCases.TC_001_AccountRegistrationTest - Clicking on My Account link......
19:22:42.607 [main] INFO  testCases.TC_001_AccountRegistrationTest - Clicking on My Register link......
19:22:49.718 [main] INFO  testCases.TC_001_AccountRegistrationTest - Enter Customer details......
19:22:55.949 [main] INFO  testCases.TC_001_AccountRegistrationTest - Registration Successful......
19:22:55.955 [main] INFO  testCases.TC_001_AccountRegistrationTest - ******Ending tc_001_AccountRegistrationTest*******
19:23:37.827 [main] INFO  testCases.TC_001_AccountRegistrationTest - ******Starting tc_001_AccountRegistrationTest*******
19:23:40.892 [main] INFO  testCases.TC_001_AccountRegistrationTest - Clicking on My Account link......
19:23:44.013 [main] INFO  testCases.TC_001_AccountRegistrationTest - Clicking on My Register link......
19:23:51.120 [main] INFO  testCases.TC_001_AccountRegistrationTest - Enter Customer details......
19:23:56.185 [main] ERROR testCases.TC_001_AccountRegistrationTest - Registration failed......
19:13:20.260 [main] INFO  testCases.TC_001_AccountRegistrationTest - ******Starting tc_001_AccountRegistrationTest*******
19:13:23.322 [main] INFO  testCases.TC_001_AccountRegistrationTest - Clicking on My Account link......
19:13:26.442 [main] INFO  testCases.TC_001_AccountRegistrationTest - Clicking on My Register link......
19:13:33.488 [main] INFO  testCases.TC_001_AccountRegistrationTest - Enter Customer details......
19:13:39.560 [main] ERROR testCases.TC_001_AccountRegistrationTest - Registration failed......
19:24:27.528 [main] INFO  testCases.TC_001_AccountRegistrationTest - ******Starting tc_001_AccountRegistrationTest*******
19:24:30.592 [main] INFO  testCases.TC_001_AccountRegistrationTest - Clicking on My Account link......
19:24:33.713 [main] INFO  testCases.TC_001_AccountRegistrationTest - Clicking on My Register link......
19:24:41.339 [main] INFO  testCases.TC_001_AccountRegistrationTest - Enter Customer details......
19:24:46.993 [main] INFO  testCases.TC_001_AccountRegistrationTest - Registration Successful......
19:24:46.997 [main] INFO  testCases.TC_001_AccountRegistrationTest - ******Ending tc_001_AccountRegistrationTest*******
